<?xml version="1.0" encoding="UTF-8"?>
<testng-results total="2" passed="2" failed="0" skipped="0">
  <reporter-output>
  </reporter-output>
  <suite started-at="2023-01-19T11:09:17Z" name="Suite" finished-at="2023-01-19T11:09:59Z" duration-ms="42601">
    <groups>
    </groups>
    <test started-at="2023-01-19T11:09:17Z" name="test1" finished-at="2023-01-19T11:09:59Z" duration-ms="42601">
      <class name="com.demo.qa.test.LoginTest">
        <test-method is-config="true" signature="setUp(java.lang.String, java.lang.String)[pri:0, instance:com.demo.qa.test.LoginTest@2f54a33d]" started-at="2023-01-19T16:39:17Z" name="setUp" finished-at="2023-01-19T16:39:28Z" duration-ms="10952" status="PASS">
          <params>
            <param index="0">
              <value>
                <![CDATA[chrome]]>
              </value>
            </param>
            <param index="1">
              <value>
                <![CDATA[https://demo.guru99.com/V1/index.php]]>
              </value>
            </param>
          </params>
          <reporter-output>
          </reporter-output>
        </test-method> <!-- setUp -->
        <test-method is-config="true" signature="setExtent()[pri:0, instance:com.demo.qa.test.LoginTest@2f54a33d]" started-at="2023-01-19T16:39:32Z" name="setExtent" finished-at="2023-01-19T16:39:33Z" duration-ms="541" status="PASS">
          <reporter-output>
          </reporter-output>
        </test-method> <!-- setExtent -->
        <test-method signature="loginProcess(java.lang.String, java.lang.String)[pri:0, instance:com.demo.qa.test.LoginTest@2f54a33d]" started-at="2023-01-19T16:39:33Z" name="loginProcess" data-provider="loginData" finished-at="2023-01-19T16:39:43Z" duration-ms="10200" status="PASS">
          <params>
            <param index="0">
              <value>
                <![CDATA[mngr470589]]>
              </value>
            </param>
            <param index="1">
              <value>
                <![CDATA[vugEdan]]>
              </value>
            </param>
          </params>
          <reporter-output>
          </reporter-output>
        </test-method> <!-- loginProcess -->
        <test-method is-config="true" signature="flush(org.testng.ITestResult)[pri:0, instance:com.demo.qa.test.LoginTest@2f54a33d]" started-at="2023-01-19T16:39:43Z" name="flush" finished-at="2023-01-19T16:39:45Z" duration-ms="1629" status="PASS">
          <params>
            <param index="0">
              <value>
                <![CDATA[[TestResult name=loginProcess status=SUCCESS method=LoginTest.loginProcess(java.lang.String, java.lang.String)[pri:0, instance:com.demo.qa.test.LoginTest@2f54a33d] output={null}]]]>
              </value>
            </param>
          </params>
          <reporter-output>
          </reporter-output>
        </test-method> <!-- flush -->
        <test-method is-config="true" signature="setExtent()[pri:0, instance:com.demo.qa.test.LoginTest@2f54a33d]" started-at="2023-01-19T16:39:45Z" name="setExtent" finished-at="2023-01-19T16:39:45Z" duration-ms="5" status="PASS">
          <reporter-output>
          </reporter-output>
        </test-method> <!-- setExtent -->
        <test-method signature="loginProcess(java.lang.String, java.lang.String)[pri:0, instance:com.demo.qa.test.LoginTest@2f54a33d]" started-at="2023-01-19T16:39:45Z" name="loginProcess" data-provider="loginData" finished-at="2023-01-19T16:39:57Z" duration-ms="12703" status="PASS">
          <params>
            <param index="0">
              <value>
                <![CDATA[mngr266311]]>
              </value>
            </param>
            <param index="1">
              <value>
                <![CDATA[Admin123$]]>
              </value>
            </param>
          </params>
          <reporter-output>
          </reporter-output>
        </test-method> <!-- loginProcess -->
        <test-method is-config="true" signature="flush(org.testng.ITestResult)[pri:0, instance:com.demo.qa.test.LoginTest@2f54a33d]" started-at="2023-01-19T16:39:57Z" name="flush" finished-at="2023-01-19T16:39:58Z" duration-ms="499" status="PASS">
          <params>
            <param index="0">
              <value>
                <![CDATA[[TestResult name=loginProcess status=SUCCESS method=LoginTest.loginProcess(java.lang.String, java.lang.String)[pri:0, instance:com.demo.qa.test.LoginTest@2f54a33d] output={null}]]]>
              </value>
            </param>
          </params>
          <reporter-output>
          </reporter-output>
        </test-method> <!-- flush -->
        <test-method is-config="true" signature="tearDown()[pri:0, instance:com.demo.qa.test.LoginTest@2f54a33d]" started-at="2023-01-19T16:39:58Z" name="tearDown" finished-at="2023-01-19T16:39:59Z" duration-ms="1581" status="PASS">
          <reporter-output>
          </reporter-output>
        </test-method> <!-- tearDown -->
      </class> <!-- com.demo.qa.test.LoginTest -->
    </test> <!-- test1 -->
  </suite> <!-- Suite -->
</testng-results>
