<?xml version="1.0" encoding="UTF-8"?>
<testsuite xmlns:xsi="http://www.w3.org/2001/XMLSchema-instance" xsi:noNamespaceSchemaLocation="https://maven.apache.org/surefire/maven-surefire-plugin/xsd/surefire-test-report-3.0.xsd" version="3.0" name="TestSuite" time="45.418" tests="2" errors="0" skipped="0" failures="0">
  <properties>
[...]
</properties>
  <testcase name="loginProcess[mngr470589, vugEdan](1)" classname="com.demo.qa.test.LoginTest" time="10.225">
    <system-out><![CDATA[Test Execution started :test1
C:\Users\priyankam\Downloads\SonarAutomation\demoproject\loginTestData.xlsx
Test Started..loginProcess
2023-01-19 16:39:35 INFO  SeleniumFramework:30 - Entered Username: mngr470589
  2023-01-19 16:39:35 INFO  SeleniumFramework:33 - Entered password: vugEdan
  2023-01-19 16:39:41 INFO  SeleniumFramework:35 - Clicked on login button
  2023-01-19 16:39:41 INFO  SeleniumFramework:38 - Test passed
  Test is Passed :loginProcess
]]></system-out>
    <system-err><![CDATA[Starting ChromeDriver 108.0.5359.71 (1e0e3868ee06e91ad636a874420e3ca3ae3756ac-refs/branch-heads/5359@{#1016}) on port 53493
Only local connections are allowed.
Please see https://chromedriver.chromium.org/security-considerations for suggestions on keeping ChromeDriver safe.
ChromeDriver was started successfully.
[1674126561.476][WARNING]: This version of ChromeDriver has not been tested with Chrome version 109.
Jan 19, 2023 4:39:24 PM org.openqa.selenium.remote.ProtocolHandshake createSession
INFO: Detected dialect: W3C
ERROR StatusLogger Log4j2 could not find a logging implementation. Please add log4j-core to the classpath. Using SimpleLogger to log to the console...
]]></system-err>
  </testcase>
  <testcase name="loginProcess[mngr266311, Admin123$](2)" classname="com.demo.qa.test.LoginTest" time="12.691">
    <system-out><![CDATA[Test Started..loginProcess
2023-01-19 16:39:49 INFO  SeleniumFramework:30 - Entered Username: mngr266311
  2023-01-19 16:39:50 INFO  SeleniumFramework:33 - Entered password: Admin123$
  2023-01-19 16:39:56 INFO  SeleniumFramework:35 - Clicked on login button
  2023-01-19 16:39:56 INFO  SeleniumFramework:38 - Test passed
  Test is Passed :loginProcess
]]></system-out>
  </testcase>
</testsuite>