<?xml version="1.0" encoding="UTF-8"?>
<testng-results total="2" passed="2" failed="0" skipped="0">
  <reporter-output>
  </reporter-output>
  <suite started-at="2023-01-20T05:30:44Z" name="Suite" finished-at="2023-01-20T05:31:22Z" duration-ms="38033">
    <groups>
    </groups>
    <test started-at="2023-01-20T05:30:44Z" name="test1" finished-at="2023-01-20T05:31:22Z" duration-ms="38033">
      <class name="com.demo.qa.test.LoginTest">
        <test-method is-config="true" signature="setUp(java.lang.String, java.lang.String)[pri:0, instance:com.demo.qa.test.LoginTest@62150f9e]" started-at="2023-01-20T11:00:44Z" name="setUp" finished-at="2023-01-20T11:00:56Z" duration-ms="11275" status="PASS">
          <params>
            <param index="0">
              <value>
                <![CDATA[chrome]]>
              </value>
            </param>
            <param index="1">
              <value>
                <![CDATA[https://demo.guru99.com/V1/index.php]]>
              </value>
            </param>
          </params>
          <reporter-output>
          </reporter-output>
        </test-method> <!-- setUp -->
        <test-method is-config="true" signature="setExtent()[pri:0, instance:com.demo.qa.test.LoginTest@62150f9e]" started-at="2023-01-20T11:00:59Z" name="setExtent" finished-at="2023-01-20T11:01:00Z" duration-ms="858" status="PASS">
          <reporter-output>
          </reporter-output>
        </test-method> <!-- setExtent -->
        <test-method signature="loginProcess(java.lang.String, java.lang.String)[pri:0, instance:com.demo.qa.test.LoginTest@62150f9e]" started-at="2023-01-20T11:01:00Z" name="loginProcess" data-provider="loginData" finished-at="2023-01-20T11:01:09Z" duration-ms="9465" status="PASS">
          <params>
            <param index="0">
              <value>
                <![CDATA[mngr470589]]>
              </value>
            </param>
            <param index="1">
              <value>
                <![CDATA[vugEdan]]>
              </value>
            </param>
          </params>
          <reporter-output>
          </reporter-output>
        </test-method> <!-- loginProcess -->
        <test-method is-config="true" signature="flush(org.testng.ITestResult)[pri:0, instance:com.demo.qa.test.LoginTest@62150f9e]" started-at="2023-01-20T11:01:09Z" name="flush" finished-at="2023-01-20T11:01:11Z" duration-ms="1244" status="PASS">
          <params>
            <param index="0">
              <value>
                <![CDATA[[TestResult name=loginProcess status=SUCCESS method=LoginTest.loginProcess(java.lang.String, java.lang.String)[pri:0, instance:com.demo.qa.test.LoginTest@62150f9e] output={null}]]]>
              </value>
            </param>
          </params>
          <reporter-output>
          </reporter-output>
        </test-method> <!-- flush -->
        <test-method is-config="true" signature="setExtent()[pri:0, instance:com.demo.qa.test.LoginTest@62150f9e]" started-at="2023-01-20T11:01:11Z" name="setExtent" finished-at="2023-01-20T11:01:11Z" duration-ms="10" status="PASS">
          <reporter-output>
          </reporter-output>
        </test-method> <!-- setExtent -->
        <test-method signature="loginProcess(java.lang.String, java.lang.String)[pri:0, instance:com.demo.qa.test.LoginTest@62150f9e]" started-at="2023-01-20T11:01:11Z" name="loginProcess" data-provider="loginData" finished-at="2023-01-20T11:01:20Z" duration-ms="9705" status="PASS">
          <params>
            <param index="0">
              <value>
                <![CDATA[mngr266311]]>
              </value>
            </param>
            <param index="1">
              <value>
                <![CDATA[Admin123$]]>
              </value>
            </param>
          </params>
          <reporter-output>
          </reporter-output>
        </test-method> <!-- loginProcess -->
        <test-method is-config="true" signature="flush(org.testng.ITestResult)[pri:0, instance:com.demo.qa.test.LoginTest@62150f9e]" started-at="2023-01-20T11:01:20Z" name="flush" finished-at="2023-01-20T11:01:21Z" duration-ms="222" status="PASS">
          <params>
            <param index="0">
              <value>
                <![CDATA[[TestResult name=loginProcess status=SUCCESS method=LoginTest.loginProcess(java.lang.String, java.lang.String)[pri:0, instance:com.demo.qa.test.LoginTest@62150f9e] output={null}]]]>
              </value>
            </param>
          </params>
          <reporter-output>
          </reporter-output>
        </test-method> <!-- flush -->
        <test-method is-config="true" signature="tearDown()[pri:0, instance:com.demo.qa.test.LoginTest@62150f9e]" started-at="2023-01-20T11:01:21Z" name="tearDown" finished-at="2023-01-20T11:01:22Z" duration-ms="1750" status="PASS">
          <reporter-output>
          </reporter-output>
        </test-method> <!-- tearDown -->
      </class> <!-- com.demo.qa.test.LoginTest -->
    </test> <!-- test1 -->
  </suite> <!-- Suite -->
</testng-results>
